<?xml version="1.0" encoding="UTF-8"?>
<!-- Generated by org.testng.reporters.JUnitReportReporter -->
<testsuite skipped="0" hostname="DML-05879" name="OcuityAIPortal.HomepageTest" tests="1" failures="0" timestamp="2022-01-06T15:58:45 IST" time="5.949" errors="0">
  <testcase name="loginTest" time="5.949" classname="OcuityAIPortal.HomepageTest"/>
  <system-out/>
</testsuite> <!-- OcuityAIPortal.HomepageTest -->
