<?xml version="1.0" encoding="UTF-8"?>
<!-- Generated by org.testng.reporters.JUnitReportReporter -->
<testsuite skipped="0" hostname="DML-05879" name="OcuityAIPortal.ServiceadvisorTest" tests="4" failures="0" timestamp="2022-01-08T12:49:35 IST" time="34.654" errors="0">
  <testcase name="loginTest" time="4.755" classname="OcuityAIPortal.ServiceadvisorTest"/>
  <system-out/>
  <testcase name="addServiceAdvisorTest" time="19.978" classname="OcuityAIPortal.ServiceadvisorTest"/>
  <system-out/>
  <testcase name="editServiceAdvisorTest" time="5.612" classname="OcuityAIPortal.ServiceadvisorTest"/>
  <system-out/>
  <testcase name="deleteServiceAdvisor" time="4.309" classname="OcuityAIPortal.ServiceadvisorTest"/>
  <system-out/>
</testsuite> <!-- OcuityAIPortal.ServiceadvisorTest -->
