<?xml version="1.0" encoding="UTF-8"?>
<!-- Generated by org.testng.reporters.JUnitReportReporter -->
<testsuite skipped="0" hostname="DML-05879" name="OcuityAIPortal.UsersTest" tests="1" failures="0" timestamp="09 Jan 2022 13:19:58 GMT" time="18.704" errors="0">
  <testcase name="edituser" time="18.704" classname="OcuityAIPortal.UsersTest"/>
</testsuite> <!-- OcuityAIPortal.UsersTest -->
