<?xml version="1.0" encoding="UTF-8"?>
<!-- Generated by org.testng.reporters.JUnitReportReporter -->
<testsuite skipped="0" hostname="DML-05879" name="OcuityAIPortal.ServiceadvisorTest" tests="3" failures="0" timestamp="2022-01-09T13:09:26 IST" time="24.524" errors="0">
  <testcase name="addServiceAdvisorTest" time="16.753" classname="OcuityAIPortal.ServiceadvisorTest"/>
  <system-out/>
  <testcase name="editServiceAdvisorTest" time="4.284" classname="OcuityAIPortal.ServiceadvisorTest"/>
  <system-out/>
  <testcase name="deleteServiceAdvisor" time="3.487" classname="OcuityAIPortal.ServiceadvisorTest"/>
  <system-out/>
</testsuite> <!-- OcuityAIPortal.ServiceadvisorTest -->
